-Xajruntimetarget:1.5
-Xlint:ignore
-1.8
-encoding
UTF-8
-source
1.8
-target
1.8
-classpath
C:\Users\Dogness\.m2\repository\org\springframework\boot\spring-boot-starter\1.4.1.RELEASE\spring-boot-starter-1.4.1.RELEASE.jar;C:\Users\Dogness\.m2\repository\org\springframework\boot\spring-boot-starter-websocket\1.4.1.RELEASE\spring-boot-starter-websocket-1.4.1.RELEASE.jar;C:\Users\Dogness\.m2\repository\org\springframework\boot\spring-boot-starter-aop\1.4.1.RELEASE\spring-boot-starter-aop-1.4.1.RELEASE.jar;C:\Users\Dogness\.m2\repository\org\springframework\boot\spring-boot-starter-test\1.4.1.RELEASE\spring-boot-starter-test-1.4.1.RELEASE.jar;C:\Users\Dogness\.m2\repository\org\springframework\boot\spring-boot-starter-security\1.4.1.RELEASE\spring-boot-starter-security-1.4.1.RELEASE.jar;C:\Users\Dogness\.m2\repository\org\springframework\boot\spring-boot-devtools\1.4.1.RELEASE\spring-boot-devtools-1.4.1.RELEASE.jar;C:\Users\Dogness\.m2\repository\org\springframework\session\spring-session-data-redis\1.2.2.RELEASE\spring-session-data-redis-1.2.2.RELEASE.jar;C:\Users\Dogness\.m2\repository\org\springframework\roo\org.springframework.roo.annotations\2.0.0.RC2\org.springframework.roo.annotations-2.0.0.RC2.pom;C:\Users\Dogness\.m2\repository\org\aspectj\aspectjrt\1.8.9\aspectjrt-1.8.9.jar;C:\Users\Dogness\.m2\repository\org\apache\commons\commons-lang3\3.4\commons-lang3-3.4.jar;C:\Users\Dogness\.m2\repository\org\assertj\assertj-core\2.5.0\assertj-core-2.5.0.jar;C:\Users\Dogness\.m2\repository\org\springframework\boot\spring-boot-starter-data-jpa\1.4.1.RELEASE\spring-boot-starter-data-jpa-1.4.1.RELEASE.jar;C:\Users\Dogness\.m2\repository\org\springframework\boot\spring-boot-starter-jdbc\1.4.1.RELEASE\spring-boot-starter-jdbc-1.4.1.RELEASE.jar;C:\Users\Dogness\.m2\repository\io\springlets\springlets-data-jpa\1.2.0.RC2\springlets-data-jpa-1.2.0.RC2.jar;C:\Users\Dogness\.m2\repository\io\springlets\springlets-data-commons\1.2.0.RC2\springlets-data-commons-1.2.0.RC2.jar;C:\Users\Dogness\.m2\repository\io\springlets\springlets-context\1.2.0.RC2\springlets-context-1.2.0.RC2.jar;C:\Users\Dogness\.m2\repository\com\querydsl\querydsl-jpa\4.1.4\querydsl-jpa-4.1.4.jar;C:\Users\Dogness\.m2\repository\org\springframework\roo\org.springframework.roo.querydsl.processor\2.0.0.RELEASE\org.springframework.roo.querydsl.processor-2.0.0.RELEASE.jar;C:\Users\Dogness\.m2\repository\org\springframework\boot\spring-boot-starter-web\1.4.1.RELEASE\spring-boot-starter-web-1.4.1.RELEASE.jar;C:\Users\Dogness\.m2\repository\joda-time\joda-time\2.9.4\joda-time-2.9.4.jar;C:\Users\Dogness\.m2\repository\io\tracee\binding\tracee-springmvc\1.1.2\tracee-springmvc-1.1.2.jar;C:\Users\Dogness\.m2\repository\io\springlets\springlets-boot-starter-web\1.2.0.RC2\springlets-boot-starter-web-1.2.0.RC2.jar;C:\Users\Dogness\.m2\repository\org\springframework\boot\spring-boot-starter-thymeleaf\1.4.1.RELEASE\spring-boot-starter-thymeleaf-1.4.1.RELEASE.jar;C:\Users\Dogness\.m2\repository\nz\net\ultraq\thymeleaf\thymeleaf-layout-dialect\2.1.1\thymeleaf-layout-dialect-2.1.1.jar;C:\Users\Dogness\.m2\repository\com\github\mxab\thymeleaf\extras\thymeleaf-extras-data-attribute\2.0.1\thymeleaf-extras-data-attribute-2.0.1.jar;C:\Users\Dogness\.m2\repository\ar\com\fdvs\DynamicJasper\5.0.11\DynamicJasper-5.0.11.jar;C:\Users\Dogness\.m2\repository\ar\com\fdvs\DynamicJasper-core-fonts\1.0\DynamicJasper-core-fonts-1.0.jar;C:\Users\Dogness\.m2\repository\org\apache\poi\poi\3.14\poi-3.14.jar;C:\Users\Dogness\.m2\repository\org\springframework\spring-context-support\4.3.3.RELEASE\spring-context-support-4.3.3.RELEASE.jar;C:\Users\Dogness\.m2\repository\org\webjars\webjars-locator\0.32\webjars-locator-0.32.jar;C:\Users\Dogness\.m2\repository\org\webjars\bower\bootstrap\3.3.6\bootstrap-3.3.6.jar;C:\Users\Dogness\.m2\repository\org\webjars\bower\datatables\1.10.12\datatables-1.10.12.jar;C:\Users\Dogness\.m2\repository\org\webjars\bower\datatables.net-bs\1.10.11\datatables.net-bs-1.10.11.jar;C:\Users\Dogness\.m2\repository\org\webjars\bower\datatables.net-buttons\1.1.2\datatables.net-buttons-1.1.2.jar;C:\Users\Dogness\.m2\repository\org\webjars\bower\datatables.net-buttons-bs\1.1.2\datatables.net-buttons-bs-1.1.2.jar;C:\Users\Dogness\.m2\repository\org\webjars\bower\datatables.net-responsive\2.0.2\datatables.net-responsive-2.0.2.jar;C:\Users\Dogness\.m2\repository\org\webjars\bower\datatables.net-responsive-bs\2.0.2\datatables.net-responsive-bs-2.0.2.jar;C:\Users\Dogness\.m2\repository\org\webjars\bower\datatables.net-select\1.1.2\datatables.net-select-1.1.2.jar;C:\Users\Dogness\.m2\repository\org\webjars\bower\datatables.net-select-bs\1.1.2\datatables.net-select-bs-1.1.2.jar;C:\Users\Dogness\.m2\repository\org\webjars\npm\jquery-datatables-checkboxes\1.1.2\jquery-datatables-checkboxes-1.1.2.jar;C:\Users\Dogness\.m2\repository\org\webjars\bower\github-com-julmot-datatables-mark-js\2.0.0\github-com-julmot-datatables-mark-js-2.0.0.jar;C:\Users\Dogness\.m2\repository\org\webjars\bower\datetimepicker\2.5.4\datetimepicker-2.5.4.jar;C:\Users\Dogness\.m2\repository\org\webjars\bower\font-awesome\4.6.2\font-awesome-4.6.2.jar;C:\Users\Dogness\.m2\repository\org\webjars\bower\jquery\1.12.3\jquery-1.12.3.jar;C:\Users\Dogness\.m2\repository\org\webjars\jquery.inputmask\3.3.1\jquery.inputmask-3.3.1.jar;C:\Users\Dogness\.m2\repository\org\webjars\bower\jquery-validation\1.15.0\jquery-validation-1.15.0.jar;C:\Users\Dogness\.m2\repository\org\webjars\bower\momentjs\2.13.0\momentjs-2.13.0.jar;C:\Users\Dogness\.m2\repository\org\webjars\bower\select2\4.0.3\select2-4.0.3.jar;C:\Users\Dogness\.m2\repository\org\webjars\bower\select2-bootstrap-theme\0.1.0-beta.7\select2-bootstrap-theme-0.1.0-beta.7.jar;C:\Users\Dogness\.m2\repository\org\webjars\respond\1.4.2\respond-1.4.2.jar;C:\Users\Dogness\.m2\repository\org\webjars\html5shiv\3.7.3\html5shiv-3.7.3.jar;C:\Users\Dogness\.m2\repository\org\webjars\bower\ie10-viewport-bug-workaround\1.0.3\ie10-viewport-bug-workaround-1.0.3.jar;C:\Users\Dogness\.m2\repository\javax\validation\validation-api\1.1.0.Final\validation-api-1.1.0.Final.jar;C:\Users\Dogness\.m2\repository\mysql\mysql-connector-java\5.1.39\mysql-connector-java-5.1.39.jar;C:\Users\Dogness\.m2\repository\com\fasterxml\classmate\1.0.0\classmate-1.0.0.jar;C:\Users\Dogness\.m2\repository\org\springframework\boot\spring-boot-starter-tomcat\1.4.1.RELEASE\spring-boot-starter-tomcat-1.4.1.RELEASE.jar;C:\Users\Dogness\.m2\repository\org\locationtech\spatial4j\spatial4j\0.7\spatial4j-0.7.jar;C:\Users\Dogness\.m2\repository\io\projectreactor\reactor-core\2.0.8.RELEASE\reactor-core-2.0.8.RELEASE.jar;C:\Users\Dogness\.m2\repository\io\projectreactor\reactor-net\2.0.8.RELEASE\reactor-net-2.0.8.RELEASE.jar;C:\Users\Dogness\.m2\repository\io\netty\netty-all\4.1.8.Final\netty-all-4.1.8.Final.jar;C:\Users\Dogness\.m2\repository\cn\hutool\hutool-all\4.0.10\hutool-all-4.0.10.jar;C:\Users\Dogness\.m2\repository\org\webjars\sockjs-client\1.1.2\sockjs-client-1.1.2.jar;C:\Users\Dogness\.m2\repository\org\webjars\stomp-websocket\2.3.3\stomp-websocket-2.3.3.jar;C:\Users\Dogness\.m2\repository\com\google\code\gson\gson\2.8.2\gson-2.8.2.jar;C:\Users\Dogness\.m2\repository\org\springframework\session\spring-session\1.2.2.RELEASE\spring-session-1.2.2.RELEASE.jar;C:\Users\Dogness\.m2\repository\org\springframework\boot\spring-boot-starter-data-redis\1.4.1.RELEASE\spring-boot-starter-data-redis-1.4.1.RELEASE.jar;C:\Users\Dogness\.m2\repository\org\springframework\boot\spring-boot-configuration-processor\1.4.1.RELEASE\spring-boot-configuration-processor-1.4.1.RELEASE.jar;C:\Users\Dogness\.m2\repository\org\apache\httpcomponents\httpclient\4.5.6\httpclient-4.5.6.jar;C:\Users\Dogness\.m2\repository\org\springframework\boot\spring-boot\1.4.1.RELEASE\spring-boot-1.4.1.RELEASE.jar;C:\Users\Dogness\.m2\repository\org\springframework\boot\spring-boot-autoconfigure\1.4.1.RELEASE\spring-boot-autoconfigure-1.4.1.RELEASE.jar;C:\Users\Dogness\.m2\repository\org\springframework\boot\spring-boot-starter-logging\1.4.1.RELEASE\spring-boot-starter-logging-1.4.1.RELEASE.jar;C:\Users\Dogness\.m2\repository\ch\qos\logback\logback-classic\1.1.7\logback-classic-1.1.7.jar;C:\Users\Dogness\.m2\repository\ch\qos\logback\logback-core\1.1.7\logback-core-1.1.7.jar;C:\Users\Dogness\.m2\repository\org\slf4j\jcl-over-slf4j\1.7.21\jcl-over-slf4j-1.7.21.jar;C:\Users\Dogness\.m2\repository\org\slf4j\jul-to-slf4j\1.7.21\jul-to-slf4j-1.7.21.jar;C:\Users\Dogness\.m2\repository\org\slf4j\log4j-over-slf4j\1.7.21\log4j-over-slf4j-1.7.21.jar;C:\Users\Dogness\.m2\repository\org\springframework\spring-core\4.3.3.RELEASE\spring-core-4.3.3.RELEASE.jar;C:\Users\Dogness\.m2\repository\org\springframework\spring-messaging\4.3.3.RELEASE\spring-messaging-4.3.3.RELEASE.jar;C:\Users\Dogness\.m2\repository\org\springframework\spring-websocket\4.3.3.RELEASE\spring-websocket-4.3.3.RELEASE.jar;C:\Users\Dogness\.m2\repository\org\springframework\spring-aop\4.3.3.RELEASE\spring-aop-4.3.3.RELEASE.jar;C:\Users\Dogness\.m2\repository\org\aspectj\aspectjweaver\1.8.9\aspectjweaver-1.8.9.jar;C:\Users\Dogness\.m2\repository\org\springframework\security\spring-security-config\4.1.3.RELEASE\spring-security-config-4.1.3.RELEASE.jar;C:\Users\Dogness\.m2\repository\org\springframework\security\spring-security-core\4.1.3.RELEASE\spring-security-core-4.1.3.RELEASE.jar;C:\Users\Dogness\.m2\repository\org\springframework\security\spring-security-web\4.1.3.RELEASE\spring-security-web-4.1.3.RELEASE.jar;C:\Users\Dogness\.m2\repository\org\springframework\spring-expression\4.3.3.RELEASE\spring-expression-4.3.3.RELEASE.jar;C:\Users\Dogness\.m2\repository\org\apache\commons\commons-pool2\2.4.2\commons-pool2-2.4.2.jar;C:\Users\Dogness\.m2\repository\org\springframework\data\spring-data-redis\1.7.3.RELEASE\spring-data-redis-1.7.3.RELEASE.jar;C:\Users\Dogness\.m2\repository\org\springframework\data\spring-data-keyvalue\1.1.3.RELEASE\spring-data-keyvalue-1.1.3.RELEASE.jar;C:\Users\Dogness\.m2\repository\org\springframework\spring-tx\4.3.3.RELEASE\spring-tx-4.3.3.RELEASE.jar;C:\Users\Dogness\.m2\repository\org\springframework\spring-oxm\4.3.3.RELEASE\spring-oxm-4.3.3.RELEASE.jar;C:\Users\Dogness\.m2\repository\redis\clients\jedis\2.8.1\jedis-2.8.1.jar;C:\Users\Dogness\.m2\repository\org\springframework\roo\org.springframework.roo.addon.configurable.annotations\2.0.0.RC2\org.springframework.roo.addon.configurable.annotations-2.0.0.RC2.jar;C:\Users\Dogness\.m2\repository\org\springframework\roo\org.springframework.roo.addon.javabean.annotations\2.0.0.RC2\org.springframework.roo.addon.javabean.annotations-2.0.0.RC2.jar;C:\Users\Dogness\.m2\repository\org\springframework\roo\org.springframework.roo.addon.jpa.annotations\2.0.0.RC2\org.springframework.roo.addon.jpa.annotations-2.0.0.RC2.jar;C:\Users\Dogness\.m2\repository\org\springframework\roo\org.springframework.roo.addon.layers.repository.jpa.annotations\2.0.0.RC2\org.springframework.roo.addon.layers.repository.jpa.annotations-2.0.0.RC2.jar;C:\Users\Dogness\.m2\repository\org\springframework\roo\org.springframework.roo.addon.layers.service.annotations\2.0.0.RC2\org.springframework.roo.addon.layers.service.annotations-2.0.0.RC2.jar;C:\Users\Dogness\.m2\repository\org\springframework\roo\org.springframework.roo.addon.plural.annotations\2.0.0.RC2\org.springframework.roo.addon.plural.annotations-2.0.0.RC2.jar;C:\Users\Dogness\.m2\repository\org\springframework\roo\org.springframework.roo.addon.security.annotations\2.0.0.RC2\org.springframework.roo.addon.security.annotations-2.0.0.RC2.jar;C:\Users\Dogness\.m2\repository\org\springframework\roo\org.springframework.roo.addon.web.mvc.controller.annotations\2.0.0.RC2\org.springframework.roo.addon.web.mvc.controller.annotations-2.0.0.RC2.jar;C:\Users\Dogness\.m2\repository\org\springframework\roo\org.springframework.roo.addon.web.mvc.exceptions.annotations\2.0.0.RC2\org.springframework.roo.addon.web.mvc.exceptions.annotations-2.0.0.RC2.jar;C:\Users\Dogness\.m2\repository\org\springframework\roo\org.springframework.roo.addon.web.mvc.thymeleaf.annotations\2.0.0.RC2\org.springframework.roo.addon.web.mvc.thymeleaf.annotations-2.0.0.RC2.jar;C:\Users\Dogness\.m2\repository\org\springframework\roo\org.springframework.roo.classpath\2.0.0.RC2\org.springframework.roo.classpath-2.0.0.RC2.jar;C:\Users\Dogness\.m2\repository\org\apache\felix\org.apache.felix.scr.annotations\1.9.12\org.apache.felix.scr.annotations-1.9.12.jar;C:\Users\Dogness\.m2\repository\org\springframework\roo\org.springframework.roo.file.monitor\2.0.0.RC2\org.springframework.roo.file.monitor-2.0.0.RC2.jar;C:\Users\Dogness\.m2\repository\org\springframework\roo\org.springframework.roo.file.undo\2.0.0.RC2\org.springframework.roo.file.undo-2.0.0.RC2.jar;C:\Users\Dogness\.m2\repository\org\springframework\roo\org.springframework.roo.metadata\2.0.0.RC2\org.springframework.roo.metadata-2.0.0.RC2.jar;C:\Users\Dogness\.m2\repository\org\springframework\roo\org.springframework.roo.model\2.0.0.RC2\org.springframework.roo.model-2.0.0.RC2.jar;C:\Users\Dogness\.m2\repository\org\springframework\roo\org.springframework.roo.process.manager\2.0.0.RC2\org.springframework.roo.process.manager-2.0.0.RC2.jar;C:\Users\Dogness\.m2\repository\org\springframework\roo\org.springframework.roo.shell.osgi\2.0.0.RC2\org.springframework.roo.shell.osgi-2.0.0.RC2.jar;C:\Users\Dogness\.m2\repository\org\springframework\roo\org.springframework.roo.project\2.0.0.RC2\org.springframework.roo.project-2.0.0.RC2.jar;C:\Users\Dogness\.m2\repository\org\apache\felix\org.apache.felix.framework\5.4.0\org.apache.felix.framework-5.4.0.jar;C:\Users\Dogness\.m2\repository\org\springframework\roo\org.springframework.roo.shell\2.0.0.RC2\org.springframework.roo.shell-2.0.0.RC2.jar;C:\Users\Dogness\.m2\repository\org\springframework\roo\org.springframework.roo.support\2.0.0.RC2\org.springframework.roo.support-2.0.0.RC2.jar;C:\Users\Dogness\.m2\repository\commons-io\commons-io\2.5\commons-io-2.5.jar;C:\Users\Dogness\.m2\repository\org\springframework\roo\org.springframework.roo.settings\2.0.0.RC2\org.springframework.roo.settings-2.0.0.RC2.jar;C:\Users\Dogness\.m2\repository\org\springframework\roo\org.springframework.roo.propfiles.manager\2.0.0.RC2\org.springframework.roo.propfiles.manager-2.0.0.RC2.jar;C:\Users\Dogness\.m2\repository\org\springframework\roo\wrapping\org.springframework.roo.wrapping.inflector\0.7.0.010\org.springframework.roo.wrapping.inflector-0.7.0.010.jar;C:\Users\Dogness\.m2\repository\org\springframework\roo\org.springframework.roo.addon.dto.annotations\2.0.0.RC2\org.springframework.roo.addon.dto.annotations-2.0.0.RC2.jar;C:\Users\Dogness\.m2\repository\org\springframework\roo\org.springframework.roo.addon.ws.annotations\2.0.0.RC2\org.springframework.roo.addon.ws.annotations-2.0.0.RC2.jar;C:\Users\Dogness\.m2\repository\org\hibernate\hibernate-core\5.0.11.Final\hibernate-core-5.0.11.Final.jar;C:\Users\Dogness\.m2\repository\org\jboss\logging\jboss-logging\3.3.0.Final\jboss-logging-3.3.0.Final.jar;C:\Users\Dogness\.m2\repository\org\hibernate\javax\persistence\hibernate-jpa-2.1-api\1.0.0.Final\hibernate-jpa-2.1-api-1.0.0.Final.jar;C:\Users\Dogness\.m2\repository\org\javassist\javassist\3.20.0-GA\javassist-3.20.0-GA.jar;C:\Users\Dogness\.m2\repository\antlr\antlr\2.7.7\antlr-2.7.7.jar;C:\Users\Dogness\.m2\repository\org\jboss\jandex\2.0.0.Final\jandex-2.0.0.Final.jar;C:\Users\Dogness\.m2\repository\dom4j\dom4j\1.6.1\dom4j-1.6.1.jar;C:\Users\Dogness\.m2\repository\xml-apis\xml-apis\1.4.01\xml-apis-1.4.01.jar;C:\Users\Dogness\.m2\repository\org\hibernate\common\hibernate-commons-annotations\5.0.1.Final\hibernate-commons-annotations-5.0.1.Final.jar;C:\Users\Dogness\.m2\repository\org\hibernate\hibernate-entitymanager\5.0.11.Final\hibernate-entitymanager-5.0.11.Final.jar;C:\Users\Dogness\.m2\repository\javax\transaction\javax.transaction-api\1.2\javax.transaction-api-1.2.jar;C:\Users\Dogness\.m2\repository\org\springframework\data\spring-data-jpa\1.10.3.RELEASE\spring-data-jpa-1.10.3.RELEASE.jar;C:\Users\Dogness\.m2\repository\org\springframework\data\spring-data-commons\1.12.3.RELEASE\spring-data-commons-1.12.3.RELEASE.jar;C:\Users\Dogness\.m2\repository\org\springframework\spring-orm\4.3.3.RELEASE\spring-orm-4.3.3.RELEASE.jar;C:\Users\Dogness\.m2\repository\org\springframework\spring-aspects\4.3.3.RELEASE\spring-aspects-4.3.3.RELEASE.jar;C:\Users\Dogness\.m2\repository\org\apache\tomcat\tomcat-jdbc\8.5.5\tomcat-jdbc-8.5.5.jar;C:\Users\Dogness\.m2\repository\org\apache\tomcat\tomcat-juli\8.5.5\tomcat-juli-8.5.5.jar;C:\Users\Dogness\.m2\repository\org\springframework\spring-jdbc\4.3.3.RELEASE\spring-jdbc-4.3.3.RELEASE.jar;C:\Users\Dogness\.m2\repository\commons-codec\commons-codec\1.10\commons-codec-1.10.jar;C:\Users\Dogness\.m2\repository\com\querydsl\querydsl-core\4.1.4\querydsl-core-4.1.4.jar;C:\Users\Dogness\.m2\repository\com\google\guava\guava\17.0\guava-17.0.jar;C:\Users\Dogness\.m2\repository\com\google\code\findbugs\jsr305\3.0.1\jsr305-3.0.1.jar;C:\Users\Dogness\.m2\repository\com\mysema\commons\mysema-commons-lang\0.2.4\mysema-commons-lang-0.2.4.jar;C:\Users\Dogness\.m2\repository\com\infradna\tool\bridge-method-annotation\1.13\bridge-method-annotation-1.13.jar;C:\Users\Dogness\.m2\repository\org\slf4j\slf4j-api\1.7.21\slf4j-api-1.7.21.jar;C:\Users\Dogness\.m2\repository\org\hibernate\hibernate-validator\5.2.4.Final\hibernate-validator-5.2.4.Final.jar;C:\Users\Dogness\.m2\repository\com\fasterxml\jackson\core\jackson-databind\2.8.3\jackson-databind-2.8.3.jar;C:\Users\Dogness\.m2\repository\com\fasterxml\jackson\core\jackson-annotations\2.8.3\jackson-annotations-2.8.3.jar;C:\Users\Dogness\.m2\repository\com\fasterxml\jackson\core\jackson-core\2.8.3\jackson-core-2.8.3.jar;C:\Users\Dogness\.m2\repository\org\springframework\spring-web\4.3.3.RELEASE\spring-web-4.3.3.RELEASE.jar;C:\Users\Dogness\.m2\repository\org\springframework\spring-webmvc\4.3.3.RELEASE\spring-webmvc-4.3.3.RELEASE.jar;C:\Users\Dogness\.m2\repository\io\tracee\tracee-api\1.1.2\tracee-api-1.1.2.jar;C:\Users\Dogness\.m2\repository\io\tracee\tracee-core\1.1.2\tracee-core-1.1.2.jar;C:\Users\Dogness\.m2\repository\io\springlets\springlets-autoconfigure\1.2.0.RC2\springlets-autoconfigure-1.2.0.RC2.jar;C:\Users\Dogness\.m2\repository\io\springlets\springlets-web\1.2.0.RC2\springlets-web-1.2.0.RC2.jar;C:\Users\Dogness\.m2\repository\com\fasterxml\jackson\datatype\jackson-datatype-hibernate5\2.8.3\jackson-datatype-hibernate5-2.8.3.jar;C:\Users\Dogness\.m2\repository\javax\transaction\jta\1.1\jta-1.1.jar;C:\Users\Dogness\.m2\repository\org\webjars\bower\bootstrap-fileinput\4.4.0\bootstrap-fileinput-4.4.0.jar;C:\Users\Dogness\.m2\repository\org\thymeleaf\thymeleaf-spring4\3.0.0.RELEASE\thymeleaf-spring4-3.0.0.RELEASE.jar;C:\Users\Dogness\.m2\repository\org\codehaus\groovy\groovy\2.4.7\groovy-2.4.7.jar;C:\Users\Dogness\.m2\repository\nz\net\ultraq\thymeleaf\thymeleaf-expression-processor\1.1.2\thymeleaf-expression-processor-1.1.2.jar;C:\Users\Dogness\.m2\repository\org\thymeleaf\thymeleaf\3.0.0.RELEASE\thymeleaf-3.0.0.RELEASE.jar;C:\Users\Dogness\.m2\repository\ognl\ognl\3.1.3\ognl-3.1.3.jar;C:\Users\Dogness\.m2\repository\org\attoparser\attoparser\2.0.0.RELEASE\attoparser-2.0.0.RELEASE.jar;C:\Users\Dogness\.m2\repository\org\unbescape\unbescape\1.1.3.RELEASE\unbescape-1.1.3.RELEASE.jar;C:\Users\Dogness\.m2\repository\net\sf\jasperreports\jasperreports\6.3.0\jasperreports-6.3.0.jar;C:\Users\Dogness\.m2\repository\commons-digester\commons-digester\2.1\commons-digester-2.1.jar;C:\Users\Dogness\.m2\repository\com\lowagie\itext\2.1.7\itext-2.1.7.jar;C:\Users\Dogness\.m2\repository\org\bouncycastle\bctsp-jdk14\1.38\bctsp-jdk14-1.38.jar;C:\Users\Dogness\.m2\repository\org\bouncycastle\bcprov-jdk14\1.38\bcprov-jdk14-1.38.jar;C:\Users\Dogness\.m2\repository\org\bouncycastle\bcmail-jdk14\1.38\bcmail-jdk14-1.38.jar;C:\Users\Dogness\.m2\repository\org\jfree\jcommon\1.0.23\jcommon-1.0.23.jar;C:\Users\Dogness\.m2\repository\org\jfree\jfreechart\1.0.19\jfreechart-1.0.19.jar;C:\Users\Dogness\.m2\repository\org\eclipse\jdt\core\compiler\ecj\4.3.1\ecj-4.3.1.jar;C:\Users\Dogness\.m2\repository\org\codehaus\castor\castor-xml\1.4.1\castor-xml-1.4.1.jar;C:\Users\Dogness\.m2\repository\org\codehaus\castor\castor-core\1.4.1\castor-core-1.4.1.jar;C:\Users\Dogness\.m2\repository\org\apache\commons\commons-collections4\4.1\commons-collections4-4.1.jar;C:\Users\Dogness\.m2\repository\javax\inject\javax.inject\1\javax.inject-1.jar;C:\Users\Dogness\.m2\repository\org\apache\lucene\lucene-core\4.5.1\lucene-core-4.5.1.jar;C:\Users\Dogness\.m2\repository\org\apache\lucene\lucene-analyzers-common\4.5.1\lucene-analyzers-common-4.5.1.jar;C:\Users\Dogness\.m2\repository\org\apache\lucene\lucene-queryparser\4.5.1\lucene-queryparser-4.5.1.jar;C:\Users\Dogness\.m2\repository\org\apache\lucene\lucene-queries\4.5.1\lucene-queries-4.5.1.jar;C:\Users\Dogness\.m2\repository\org\apache\lucene\lucene-sandbox\4.5.1\lucene-sandbox-4.5.1.jar;C:\Users\Dogness\.m2\repository\jakarta-regexp\jakarta-regexp\1.4\jakarta-regexp-1.4.jar;C:\Users\Dogness\.m2\repository\org\olap4j\olap4j\0.9.7.309-JS-3\olap4j-0.9.7.309-JS-3.jar;C:\Users\Dogness\.m2\repository\com\google\zxing\core\2.3.0\core-2.3.0.jar;C:\Users\Dogness\.m2\repository\com\ibm\icu\icu4j\57.1\icu4j-57.1.jar;C:\Users\Dogness\.m2\repository\commons-collections\commons-collections\3.2.2\commons-collections-3.2.2.jar;C:\Users\Dogness\.m2\repository\commons-beanutils\commons-beanutils\1.9.2\commons-beanutils-1.9.2.jar;C:\Users\Dogness\.m2\repository\org\springframework\spring-beans\4.3.3.RELEASE\spring-beans-4.3.3.RELEASE.jar;C:\Users\Dogness\.m2\repository\org\springframework\spring-context\4.3.3.RELEASE\spring-context-4.3.3.RELEASE.jar;C:\Users\Dogness\.m2\repository\org\webjars\webjars-locator-core\0.30\webjars-locator-core-0.30.jar;C:\Users\Dogness\.m2\repository\org\apache\commons\commons-compress\1.9\commons-compress-1.9.jar;C:\Users\Dogness\.m2\repository\org\webjars\bower\datatables.net\1.10.19\datatables.net-1.10.19.jar;C:\Users\Dogness\.m2\repository\org\webjars\bower\mark.js\8.11.1\mark.js-8.11.1.jar;C:\Users\Dogness\.m2\repository\org\webjars\bower\jquery-mousewheel\3.1.13\jquery-mousewheel-3.1.13.jar;C:\Users\Dogness\.m2\repository\org\webjars\bower\php-date-formatter\1.3.4\php-date-formatter-1.3.4.jar;C:\Users\Dogness\.m2\repository\org\apache\tomcat\embed\tomcat-embed-core\8.5.5\tomcat-embed-core-8.5.5.jar;C:\Users\Dogness\.m2\repository\org\apache\tomcat\embed\tomcat-embed-el\8.5.5\tomcat-embed-el-8.5.5.jar;C:\Users\Dogness\.m2\repository\org\apache\tomcat\embed\tomcat-embed-websocket\8.5.5\tomcat-embed-websocket-8.5.5.jar;C:\Users\Dogness\.m2\repository\org\reactivestreams\reactive-streams\1.0.0\reactive-streams-1.0.0.jar;C:\Users\Dogness\.m2\repository\io\projectreactor\reactor-bus\2.0.8.RELEASE\reactor-bus-2.0.8.RELEASE.jar;C:\Users\Dogness\.m2\repository\com\goldmansachs\gs-collections\5.1.0\gs-collections-5.1.0.jar;C:\Users\Dogness\.m2\repository\com\goldmansachs\gs-collections-api\5.1.0\gs-collections-api-5.1.0.jar;C:\Users\Dogness\.m2\repository\io\projectreactor\reactor-stream\2.0.8.RELEASE\reactor-stream-2.0.8.RELEASE.jar;C:\Users\Dogness\.m2\repository\commons-logging\commons-logging\1.2\commons-logging-1.2.jar;C:\Users\Dogness\.m2\repository\org\json\json\20140107\json-20140107.jar;C:\Users\Dogness\.m2\repository\org\apache\httpcomponents\httpcore\4.4.5\httpcore-4.4.5.jar;E:\Workspaces\CUSTOMER\customer\target\classes
-d
E:\Workspaces\CUSTOMER\customer\target\classes
E:\Workspaces\CUSTOMER\customer\src\main\java\com\dognessnetwork\customer\aspect\RequestAspect.java
E:\Workspaces\CUSTOMER\customer\src\main\java\com\dognessnetwork\customer\aspect\WebSocketsAudit.java
E:\Workspaces\CUSTOMER\customer\src\main\java\com\dognessnetwork\customer\config\CorsFilter.java
E:\Workspaces\CUSTOMER\customer\src\main\java\com\dognessnetwork\customer\config\jackson\DomainModelModule.java
E:\Workspaces\CUSTOMER\customer\src\main\java\com\dognessnetwork\customer\config\jackson\DomainModelModule_Roo_DomainModelModule.aj
E:\Workspaces\CUSTOMER\customer\src\main\java\com\dognessnetwork\customer\config\RedisSessionConfig.java
E:\Workspaces\CUSTOMER\customer\src\main\java\com\dognessnetwork\customer\config\SpringDataJpaDetachableRepositoryConfiguration.java
E:\Workspaces\CUSTOMER\customer\src\main\java\com\dognessnetwork\customer\config\WebMvcConfiguration.java
E:\Workspaces\CUSTOMER\customer\src\main\java\com\dognessnetwork\customer\config\WebSecurityConfig.java
E:\Workspaces\CUSTOMER\customer\src\main\java\com\dognessnetwork\customer\controller\json\ChatRoomDeserializer.java
E:\Workspaces\CUSTOMER\customer\src\main\java\com\dognessnetwork\customer\controller\json\ChatRoomDeserializer_Roo_EntityDeserializer.aj
E:\Workspaces\CUSTOMER\customer\src\main\java\com\dognessnetwork\customer\controller\json\ChatRoomJsonMixin.java
E:\Workspaces\CUSTOMER\customer\src\main\java\com\dognessnetwork\customer\controller\json\ChatRoomJsonMixin_Roo_JSONMixin.aj
E:\Workspaces\CUSTOMER\customer\src\main\java\com\dognessnetwork\customer\controller\json\ChatRoomsCollectionJsonController.java
E:\Workspaces\CUSTOMER\customer\src\main\java\com\dognessnetwork\customer\controller\json\ChatRoomsCollectionJsonController_Roo_Controller.aj
E:\Workspaces\CUSTOMER\customer\src\main\java\com\dognessnetwork\customer\controller\json\ChatRoomsCollectionJsonController_Roo_JSON.aj
E:\Workspaces\CUSTOMER\customer\src\main\java\com\dognessnetwork\customer\controller\json\ChatRoomsItemJsonController.java
E:\Workspaces\CUSTOMER\customer\src\main\java\com\dognessnetwork\customer\controller\json\ChatRoomsItemJsonController_Roo_Controller.aj
E:\Workspaces\CUSTOMER\customer\src\main\java\com\dognessnetwork\customer\controller\json\ChatRoomsItemJsonController_Roo_JSON.aj
E:\Workspaces\CUSTOMER\customer\src\main\java\com\dognessnetwork\customer\controller\json\CommentDeserializer.java
E:\Workspaces\CUSTOMER\customer\src\main\java\com\dognessnetwork\customer\controller\json\CommentDeserializer_Roo_EntityDeserializer.aj
E:\Workspaces\CUSTOMER\customer\src\main\java\com\dognessnetwork\customer\controller\json\CommentJsonMixin.java
E:\Workspaces\CUSTOMER\customer\src\main\java\com\dognessnetwork\customer\controller\json\CommentJsonMixin_Roo_JSONMixin.aj
E:\Workspaces\CUSTOMER\customer\src\main\java\com\dognessnetwork\customer\controller\json\CommentsCollectionJsonController.java
E:\Workspaces\CUSTOMER\customer\src\main\java\com\dognessnetwork\customer\controller\json\CommentsCollectionJsonController_Roo_Controller.aj
E:\Workspaces\CUSTOMER\customer\src\main\java\com\dognessnetwork\customer\controller\json\CommentsCollectionJsonController_Roo_JSON.aj
E:\Workspaces\CUSTOMER\customer\src\main\java\com\dognessnetwork\customer\controller\json\CommentsItemJsonController.java
E:\Workspaces\CUSTOMER\customer\src\main\java\com\dognessnetwork\customer\controller\json\CommentsItemJsonController_Roo_Controller.aj
E:\Workspaces\CUSTOMER\customer\src\main\java\com\dognessnetwork\customer\controller\json\CommentsItemJsonController_Roo_JSON.aj
E:\Workspaces\CUSTOMER\customer\src\main\java\com\dognessnetwork\customer\controller\json\DeviceController.java
E:\Workspaces\CUSTOMER\customer\src\main\java\com\dognessnetwork\customer\controller\json\MessagesDeserializer.java
E:\Workspaces\CUSTOMER\customer\src\main\java\com\dognessnetwork\customer\controller\json\MessagesDeserializer_Roo_EntityDeserializer.aj
E:\Workspaces\CUSTOMER\customer\src\main\java\com\dognessnetwork\customer\controller\json\MessagesesCollectionJsonController.java
E:\Workspaces\CUSTOMER\customer\src\main\java\com\dognessnetwork\customer\controller\json\MessagesesCollectionJsonController_Roo_Controller.aj
E:\Workspaces\CUSTOMER\customer\src\main\java\com\dognessnetwork\customer\controller\json\MessagesesCollectionJsonController_Roo_JSON.aj
E:\Workspaces\CUSTOMER\customer\src\main\java\com\dognessnetwork\customer\controller\json\MessagesesItemJsonController.java
E:\Workspaces\CUSTOMER\customer\src\main\java\com\dognessnetwork\customer\controller\json\MessagesesItemJsonController_Roo_Controller.aj
E:\Workspaces\CUSTOMER\customer\src\main\java\com\dognessnetwork\customer\controller\json\MessagesesItemJsonController_Roo_JSON.aj
E:\Workspaces\CUSTOMER\customer\src\main\java\com\dognessnetwork\customer\controller\json\MessagesJsonMixin.java
E:\Workspaces\CUSTOMER\customer\src\main\java\com\dognessnetwork\customer\controller\json\PetUserLoginJson.java
E:\Workspaces\CUSTOMER\customer\src\main\java\com\dognessnetwork\customer\controller\json\RobotMessageJson.java
E:\Workspaces\CUSTOMER\customer\src\main\java\com\dognessnetwork\customer\controller\json\UserChatJson.java
E:\Workspaces\CUSTOMER\customer\src\main\java\com\dognessnetwork\customer\controller\json\WebSocketPetUsersJsonController.java
E:\Workspaces\CUSTOMER\customer\src\main\java\com\dognessnetwork\customer\controller\json\WebSocketPetUsersJsonController_Roo_Controller.aj
E:\Workspaces\CUSTOMER\customer\src\main\java\com\dognessnetwork\customer\controller\json\WebSocketPetUsersJsonController_Roo_JSON.aj
E:\Workspaces\CUSTOMER\customer\src\main\java\com\dognessnetwork\customer\controller\web\ChatRoomCollectionController.java
E:\Workspaces\CUSTOMER\customer\src\main\java\com\dognessnetwork\customer\controller\web\HandlerController.java
E:\Workspaces\CUSTOMER\customer\src\main\java\com\dognessnetwork\customer\controller\web\MessagesCollectionController.java
E:\Workspaces\CUSTOMER\customer\src\main\java\com\dognessnetwork\customer\controller\web\PetUserCollectionController.java
E:\Workspaces\CUSTOMER\customer\src\main\java\com\dognessnetwork\customer\controller\web\RedisController.java
E:\Workspaces\CUSTOMER\customer\src\main\java\com\dognessnetwork\customer\controller\web\SocketConfigController.java
E:\Workspaces\CUSTOMER\customer\src\main\java\com\dognessnetwork\customer\CustomerApplication.java
E:\Workspaces\CUSTOMER\customer\src\main\java\com\dognessnetwork\customer\domain\ChatRoom.java
E:\Workspaces\CUSTOMER\customer\src\main\java\com\dognessnetwork\customer\domain\ChatRoom_Roo_Equals.aj
E:\Workspaces\CUSTOMER\customer\src\main\java\com\dognessnetwork\customer\domain\ChatRoom_Roo_JavaBean.aj
E:\Workspaces\CUSTOMER\customer\src\main\java\com\dognessnetwork\customer\domain\ChatRoom_Roo_Jpa_Entity.aj
E:\Workspaces\CUSTOMER\customer\src\main\java\com\dognessnetwork\customer\domain\ChatRoom_Roo_ToString.aj
E:\Workspaces\CUSTOMER\customer\src\main\java\com\dognessnetwork\customer\domain\Comment.java
E:\Workspaces\CUSTOMER\customer\src\main\java\com\dognessnetwork\customer\domain\Comment_Roo_Equals.aj
E:\Workspaces\CUSTOMER\customer\src\main\java\com\dognessnetwork\customer\domain\Comment_Roo_JavaBean.aj
E:\Workspaces\CUSTOMER\customer\src\main\java\com\dognessnetwork\customer\domain\Comment_Roo_Jpa_Entity.aj
E:\Workspaces\CUSTOMER\customer\src\main\java\com\dognessnetwork\customer\domain\Comment_Roo_ToString.aj
E:\Workspaces\CUSTOMER\customer\src\main\java\com\dognessnetwork\customer\domain\EnumCustomer.java
E:\Workspaces\CUSTOMER\customer\src\main\java\com\dognessnetwork\customer\domain\Messages.java
E:\Workspaces\CUSTOMER\customer\src\main\java\com\dognessnetwork\customer\domain\MessageStatus.java
E:\Workspaces\CUSTOMER\customer\src\main\java\com\dognessnetwork\customer\domain\Messages_Roo_Equals.aj
E:\Workspaces\CUSTOMER\customer\src\main\java\com\dognessnetwork\customer\domain\Messages_Roo_JavaBean.aj
E:\Workspaces\CUSTOMER\customer\src\main\java\com\dognessnetwork\customer\domain\Messages_Roo_Jpa_Entity.aj
E:\Workspaces\CUSTOMER\customer\src\main\java\com\dognessnetwork\customer\domain\Messages_Roo_ToString.aj
E:\Workspaces\CUSTOMER\customer\src\main\java\com\dognessnetwork\customer\domain\MessageType.java
E:\Workspaces\CUSTOMER\customer\src\main\java\com\dognessnetwork\customer\domain\PetUserType.java
E:\Workspaces\CUSTOMER\customer\src\main\java\com\dognessnetwork\customer\domain\RedisConn.java
E:\Workspaces\CUSTOMER\customer\src\main\java\com\dognessnetwork\customer\domain\RoomStatus.java
E:\Workspaces\CUSTOMER\customer\src\main\java\com\dognessnetwork\customer\dto\ChatMessage.java
E:\Workspaces\CUSTOMER\customer\src\main\java\com\dognessnetwork\customer\dto\ChatMessage_Roo_DTO.aj
E:\Workspaces\CUSTOMER\customer\src\main\java\com\dognessnetwork\customer\dto\Msg.java
E:\Workspaces\CUSTOMER\customer\src\main\java\com\dognessnetwork\customer\dto\Msg_Roo_DTO.aj
E:\Workspaces\CUSTOMER\customer\src\main\java\com\dognessnetwork\customer\dto\PetUserBase.java
E:\Workspaces\CUSTOMER\customer\src\main\java\com\dognessnetwork\customer\dto\PetUserBase_Roo_DTO.aj
E:\Workspaces\CUSTOMER\customer\src\main\java\com\dognessnetwork\customer\dto\User.java
E:\Workspaces\CUSTOMER\customer\src\main\java\com\dognessnetwork\customer\dto\User_Roo_DTO.aj
E:\Workspaces\CUSTOMER\customer\src\main\java\com\dognessnetwork\customer\repository\ChatRoomRepository.java
E:\Workspaces\CUSTOMER\customer\src\main\java\com\dognessnetwork\customer\repository\ChatRoomRepositoryCustom.java
E:\Workspaces\CUSTOMER\customer\src\main\java\com\dognessnetwork\customer\repository\ChatRoomRepositoryCustom_Roo_Jpa_Repository_Custom.aj
E:\Workspaces\CUSTOMER\customer\src\main\java\com\dognessnetwork\customer\repository\ChatRoomRepositoryImpl.java
E:\Workspaces\CUSTOMER\customer\src\main\java\com\dognessnetwork\customer\repository\ChatRoomRepositoryImpl_Roo_Jpa_Repository_Impl.aj
E:\Workspaces\CUSTOMER\customer\src\main\java\com\dognessnetwork\customer\repository\ChatRoomRepository_Roo_Jpa_Repository.aj
E:\Workspaces\CUSTOMER\customer\src\main\java\com\dognessnetwork\customer\repository\CommentRepository.java
E:\Workspaces\CUSTOMER\customer\src\main\java\com\dognessnetwork\customer\repository\CommentRepositoryCustom.java
E:\Workspaces\CUSTOMER\customer\src\main\java\com\dognessnetwork\customer\repository\CommentRepositoryCustom_Roo_Jpa_Repository_Custom.aj
E:\Workspaces\CUSTOMER\customer\src\main\java\com\dognessnetwork\customer\repository\CommentRepositoryImpl.java
E:\Workspaces\CUSTOMER\customer\src\main\java\com\dognessnetwork\customer\repository\CommentRepositoryImpl_Roo_Jpa_Repository_Impl.aj
E:\Workspaces\CUSTOMER\customer\src\main\java\com\dognessnetwork\customer\repository\CommentRepository_Roo_Jpa_Repository.aj
E:\Workspaces\CUSTOMER\customer\src\main\java\com\dognessnetwork\customer\repository\MessagesRepository.java
E:\Workspaces\CUSTOMER\customer\src\main\java\com\dognessnetwork\customer\repository\MessagesRepositoryCustom.java
E:\Workspaces\CUSTOMER\customer\src\main\java\com\dognessnetwork\customer\repository\MessagesRepositoryCustom_Roo_Jpa_Repository_Custom.aj
E:\Workspaces\CUSTOMER\customer\src\main\java\com\dognessnetwork\customer\repository\MessagesRepositoryImpl.java
E:\Workspaces\CUSTOMER\customer\src\main\java\com\dognessnetwork\customer\repository\MessagesRepositoryImpl_Roo_Jpa_Repository_Impl.aj
E:\Workspaces\CUSTOMER\customer\src\main\java\com\dognessnetwork\customer\repository\MessagesRepository_Roo_Jpa_Repository.aj
E:\Workspaces\CUSTOMER\customer\src\main\java\com\dognessnetwork\customer\service\api\ChatRoomService.java
E:\Workspaces\CUSTOMER\customer\src\main\java\com\dognessnetwork\customer\service\api\ChatRoomService_Roo_Service.aj
E:\Workspaces\CUSTOMER\customer\src\main\java\com\dognessnetwork\customer\service\api\CommentService.java
E:\Workspaces\CUSTOMER\customer\src\main\java\com\dognessnetwork\customer\service\api\CommentService_Roo_Service.aj
E:\Workspaces\CUSTOMER\customer\src\main\java\com\dognessnetwork\customer\service\api\MessagesService.java
E:\Workspaces\CUSTOMER\customer\src\main\java\com\dognessnetwork\customer\service\api\MessagesService_Roo_Service.aj
E:\Workspaces\CUSTOMER\customer\src\main\java\com\dognessnetwork\customer\service\api\RedisService.java
E:\Workspaces\CUSTOMER\customer\src\main\java\com\dognessnetwork\customer\service\impl\ChatRoomServiceImpl.java
E:\Workspaces\CUSTOMER\customer\src\main\java\com\dognessnetwork\customer\service\impl\ChatRoomServiceImpl_Roo_Service_Impl.aj
E:\Workspaces\CUSTOMER\customer\src\main\java\com\dognessnetwork\customer\service\impl\CommentServiceImpl.java
E:\Workspaces\CUSTOMER\customer\src\main\java\com\dognessnetwork\customer\service\impl\CommentServiceImpl_Roo_Service_Impl.aj
E:\Workspaces\CUSTOMER\customer\src\main\java\com\dognessnetwork\customer\service\impl\MessagesServiceImpl.java
E:\Workspaces\CUSTOMER\customer\src\main\java\com\dognessnetwork\customer\service\impl\MessagesServiceImpl_Roo_Service_Impl.aj
E:\Workspaces\CUSTOMER\customer\src\main\java\com\dognessnetwork\customer\util\BalancedDistribution.java
E:\Workspaces\CUSTOMER\customer\src\main\java\com\dognessnetwork\customer\util\DateUtils.java
E:\Workspaces\CUSTOMER\customer\src\main\java\com\dognessnetwork\customer\util\FileToPack.java
E:\Workspaces\CUSTOMER\customer\src\main\java\com\dognessnetwork\customer\util\LoginListener.java
E:\Workspaces\CUSTOMER\customer\src\main\java\com\dognessnetwork\customer\util\MessagesFactory.java
E:\Workspaces\CUSTOMER\customer\src\main\java\com\dognessnetwork\customer\util\MsgFactory.java
E:\Workspaces\CUSTOMER\customer\src\main\java\com\dognessnetwork\customer\util\RedisUtils.java
E:\Workspaces\CUSTOMER\customer\src\main\java\com\dognessnetwork\customer\util\Robot.java
E:\Workspaces\CUSTOMER\customer\src\main\java\com\dognessnetwork\customer\util\SecurityUtils.java
E:\Workspaces\CUSTOMER\customer\src\main\java\com\dognessnetwork\customer\util\SendImg.java
E:\Workspaces\CUSTOMER\customer\src\main\java\com\dognessnetwork\customer\util\StringToNumber.java
E:\Workspaces\CUSTOMER\customer\src\main\java\com\dognessnetwork\customer\util\WebSocketClient.java
E:\Workspaces\CUSTOMER\customer\target\generated-sources\java\com\dognessnetwork\customer\domain\QChatRoom.java
E:\Workspaces\CUSTOMER\customer\target\generated-sources\java\com\dognessnetwork\customer\domain\QComment.java
E:\Workspaces\CUSTOMER\customer\target\generated-sources\java\com\dognessnetwork\customer\domain\QMessages.java
